<?xml version="1.0" encoding="UTF-8"?>
<testsuite xmlns:xsi="http://www.w3.org/2001/XMLSchema-instance" xsi:noNamespaceSchemaLocation="https://maven.apache.org/surefire/maven-surefire-plugin/xsd/surefire-test-report-3.0.xsd" version="3.0" name="com.example.sticky_hero.GameTest" time="0.035" tests="3" errors="0" skipped="0" failures="0">
  <properties>
[...]
</properties>
  <testcase name="testGoldenAndNormalCherry" classname="com.example.sticky_hero.GameTest" time="0.018"/>
  <testcase name="testIncrementScore" classname="com.example.sticky_hero.GameTest" time="0.002">
    <system-out><![CDATA[setCurrent_score
7
]]></system-out>
  </testcase>
  <testcase name="testCherryPosition" classname="com.example.sticky_hero.GameTest" time="0.001"/>
</testsuite>